mode: atomic
github.com/sablierapp/sablier/internal/api/abort.go:9.64,12.16 3 13
github.com/sablierapp/sablier/internal/api/abort.go:12.16,14.3 1 0
github.com/sablierapp/sablier/internal/api/abort.go:15.2,17.29 3 13
github.com/sablierapp/sablier/internal/api/api_response_headers.go:12.70,13.23 1 5
github.com/sablierapp/sablier/internal/api/api_response_headers.go:13.23,15.3 1 5
github.com/sablierapp/sablier/internal/api/api_response_headers.go:15.8,17.3 1 0
github.com/sablierapp/sablier/internal/api/health.go:15.32,17.2 1 0
github.com/sablierapp/sablier/internal/api/health.go:19.51,20.12 1 0
github.com/sablierapp/sablier/internal/api/health.go:20.12,23.3 2 0
github.com/sablierapp/sablier/internal/api/health.go:26.44,28.19 2 0
github.com/sablierapp/sablier/internal/api/health.go:28.19,30.3 1 0
github.com/sablierapp/sablier/internal/api/health.go:32.2,32.51 1 0
github.com/sablierapp/sablier/internal/api/health.go:35.64,40.2 4 0
github.com/sablierapp/sablier/internal/api/problemdetail.go:10.44,17.2 1 4
github.com/sablierapp/sablier/internal/api/problemdetail.go:19.49,26.2 1 6
github.com/sablierapp/sablier/internal/api/problemdetail.go:28.71,39.2 5 2
github.com/sablierapp/sablier/internal/api/problemdetail.go:41.69,52.2 5 1
github.com/sablierapp/sablier/internal/api/start_blocking.go:18.63,19.58 1 8
github.com/sablierapp/sablier/internal/api/start_blocking.go:19.58,25.48 2 8
github.com/sablierapp/sablier/internal/api/start_blocking.go:25.48,28.4 2 1
github.com/sablierapp/sablier/internal/api/start_blocking.go:30.3,30.53 1 7
github.com/sablierapp/sablier/internal/api/start_blocking.go:30.53,33.4 2 1
github.com/sablierapp/sablier/internal/api/start_blocking.go:35.3,35.52 1 6
github.com/sablierapp/sablier/internal/api/start_blocking.go:35.52,38.4 2 1
github.com/sablierapp/sablier/internal/api/start_blocking.go:40.3,42.29 3 5
github.com/sablierapp/sablier/internal/api/start_blocking.go:42.29,44.4 1 1
github.com/sablierapp/sablier/internal/api/start_blocking.go:44.9,47.43 3 4
github.com/sablierapp/sablier/internal/api/start_blocking.go:47.43,50.5 2 1
github.com/sablierapp/sablier/internal/api/start_blocking.go:52.3,52.17 1 4
github.com/sablierapp/sablier/internal/api/start_blocking.go:52.17,55.4 2 1
github.com/sablierapp/sablier/internal/api/start_blocking.go:57.3,57.26 1 3
github.com/sablierapp/sablier/internal/api/start_blocking.go:57.26,60.4 2 1
github.com/sablierapp/sablier/internal/api/start_blocking.go:62.3,64.73 2 2
github.com/sablierapp/sablier/internal/api/start_dynamic.go:28.62,29.57 1 9
github.com/sablierapp/sablier/internal/api/start_dynamic.go:29.57,37.48 2 9
github.com/sablierapp/sablier/internal/api/start_dynamic.go:37.48,40.4 2 0
github.com/sablierapp/sablier/internal/api/start_dynamic.go:42.3,42.53 1 9
github.com/sablierapp/sablier/internal/api/start_dynamic.go:42.53,45.4 2 2
github.com/sablierapp/sablier/internal/api/start_dynamic.go:47.3,47.52 1 7
github.com/sablierapp/sablier/internal/api/start_dynamic.go:47.52,50.4 2 1
github.com/sablierapp/sablier/internal/api/start_dynamic.go:52.3,54.29 3 6
github.com/sablierapp/sablier/internal/api/start_dynamic.go:54.29,56.4 1 1
github.com/sablierapp/sablier/internal/api/start_dynamic.go:56.9,59.43 3 5
github.com/sablierapp/sablier/internal/api/start_dynamic.go:59.43,62.5 2 1
github.com/sablierapp/sablier/internal/api/start_dynamic.go:65.3,65.17 1 5
github.com/sablierapp/sablier/internal/api/start_dynamic.go:65.17,68.4 2 1
github.com/sablierapp/sablier/internal/api/start_dynamic.go:70.3,70.26 1 4
github.com/sablierapp/sablier/internal/api/start_dynamic.go:70.26,73.4 2 1
github.com/sablierapp/sablier/internal/api/start_dynamic.go:75.3,89.37 7 3
github.com/sablierapp/sablier/internal/api/start_dynamic.go:89.37,92.4 2 1
github.com/sablierapp/sablier/internal/api/start_dynamic.go:93.3,93.40 1 2
github.com/sablierapp/sablier/internal/api/start_dynamic.go:93.40,96.4 2 0
github.com/sablierapp/sablier/internal/api/start_dynamic.go:98.3,101.56 4 2
github.com/sablierapp/sablier/internal/api/start_dynamic.go:101.56,104.4 2 0
github.com/sablierapp/sablier/internal/api/start_dynamic.go:108.112,109.25 1 3
github.com/sablierapp/sablier/internal/api/start_dynamic.go:109.25,111.3 1 0
github.com/sablierapp/sablier/internal/api/start_dynamic.go:113.2,113.46 1 3
github.com/sablierapp/sablier/internal/api/start_dynamic.go:113.46,114.21 1 6
github.com/sablierapp/sablier/internal/api/start_dynamic.go:114.21,120.12 2 0
github.com/sablierapp/sablier/internal/api/start_dynamic.go:122.3,122.86 1 6
github.com/sablierapp/sablier/internal/api/start_dynamic.go:125.2,125.50 1 3
github.com/sablierapp/sablier/internal/api/start_dynamic.go:125.50,127.3 1 3
github.com/sablierapp/sablier/internal/api/start_dynamic.go:129.2,129.8 1 3
github.com/sablierapp/sablier/internal/api/start_dynamic.go:132.98,135.33 2 6
github.com/sablierapp/sablier/internal/api/start_dynamic.go:135.33,137.3 1 6
github.com/sablierapp/sablier/internal/api/start_dynamic.go:137.8,139.3 1 0
github.com/sablierapp/sablier/internal/api/start_dynamic.go:141.2,147.3 1 6
github.com/sablierapp/sablier/internal/api/theme_list.go:8.60,9.34 1 0
github.com/sablierapp/sablier/internal/api/theme_list.go:9.34,13.3 1 0
github.com/sablierapp/sablier/internal/api/theme_list.go:15.2,16.40 2 0
github.com/sablierapp/sablier/pkg/config/configuration.go:12.25,21.2 1 0
github.com/sablierapp/sablier/pkg/config/logging.go:12.33,16.2 1 0
github.com/sablierapp/sablier/pkg/config/provider.go:46.35,62.2 1 0
github.com/sablierapp/sablier/pkg/config/provider.go:64.42,65.30 1 8
github.com/sablierapp/sablier/pkg/config/provider.go:65.30,66.25 1 22
github.com/sablierapp/sablier/pkg/config/provider.go:66.25,68.21 1 7
github.com/sablierapp/sablier/pkg/config/provider.go:68.21,69.53 1 3
github.com/sablierapp/sablier/pkg/config/provider.go:69.53,71.6 1 1
github.com/sablierapp/sablier/pkg/config/provider.go:73.4,73.14 1 6
github.com/sablierapp/sablier/pkg/config/provider.go:76.2,76.98 1 1
github.com/sablierapp/sablier/pkg/config/provider.go:79.38,80.37 1 7
github.com/sablierapp/sablier/pkg/config/provider.go:80.37,81.27 1 12
github.com/sablierapp/sablier/pkg/config/provider.go:81.27,83.4 1 4
github.com/sablierapp/sablier/pkg/config/provider.go:85.2,85.115 1 3
github.com/sablierapp/sablier/pkg/config/provider.go:88.30,90.2 1 0
github.com/sablierapp/sablier/pkg/config/server.go:8.31,13.2 1 0
github.com/sablierapp/sablier/pkg/config/sessions.go:10.35,15.2 1 0
github.com/sablierapp/sablier/pkg/config/storage.go:7.33,11.2 1 0
github.com/sablierapp/sablier/pkg/config/strategy.go:22.35,27.2 1 0
github.com/sablierapp/sablier/pkg/config/strategy.go:29.43,35.2 1 0
github.com/sablierapp/sablier/pkg/config/strategy.go:37.45,42.2 1 0
github.com/sablierapp/sablier/cmd/sablier/cmd.go:9.13,11.38 2 0
github.com/sablierapp/sablier/cmd/sablier/cmd.go:11.38,13.3 1 0
github.com/sablierapp/sablier/pkg/durations/duration.go:13.57,17.16 3 0
github.com/sablierapp/sablier/pkg/durations/duration.go:17.16,19.3 1 0
github.com/sablierapp/sablier/pkg/durations/duration.go:21.2,21.42 1 0
github.com/sablierapp/sablier/pkg/durations/duration.go:22.15,23.43 1 0
github.com/sablierapp/sablier/pkg/durations/duration.go:24.14,26.17 2 0
github.com/sablierapp/sablier/pkg/durations/duration.go:26.17,28.4 1 0
github.com/sablierapp/sablier/pkg/durations/duration.go:29.10,30.63 1 0
github.com/sablierapp/sablier/pkg/durations/duration.go:33.2,33.12 1 0
github.com/sablierapp/sablier/pkg/durations/humanize.go:10.39,28.31 7 0
github.com/sablierapp/sablier/pkg/durations/humanize.go:28.31,29.23 1 0
github.com/sablierapp/sablier/pkg/durations/humanize.go:30.10,31.12 1 0
github.com/sablierapp/sablier/pkg/durations/humanize.go:32.10,33.81 1 0
github.com/sablierapp/sablier/pkg/durations/humanize.go:34.11,35.82 1 0
github.com/sablierapp/sablier/pkg/durations/humanize.go:39.2,39.33 1 0
github.com/sablierapp/sablier/pkg/sablier/autostop.go:16.75,20.16 2 2
github.com/sablierapp/sablier/pkg/sablier/autostop.go:20.16,22.3 1 0
github.com/sablierapp/sablier/pkg/sablier/autostop.go:24.2,25.37 2 2
github.com/sablierapp/sablier/pkg/sablier/autostop.go:25.37,27.43 2 4
github.com/sablierapp/sablier/pkg/sablier/autostop.go:27.43,29.4 1 2
github.com/sablierapp/sablier/pkg/sablier/autostop.go:32.2,36.36 3 2
github.com/sablierapp/sablier/pkg/sablier/autostop.go:36.36,38.3 1 2
github.com/sablierapp/sablier/pkg/sablier/autostop.go:40.2,40.25 1 2
github.com/sablierapp/sablier/pkg/sablier/autostop.go:43.75,44.22 1 2
github.com/sablierapp/sablier/pkg/sablier/autostop.go:44.22,46.17 2 2
github.com/sablierapp/sablier/pkg/sablier/autostop.go:46.17,49.4 2 1
github.com/sablierapp/sablier/pkg/sablier/autostop.go:50.3,51.13 2 1
github.com/sablierapp/sablier/pkg/sablier/errors.go:13.42,15.2 1 0
github.com/sablierapp/sablier/pkg/sablier/errors.go:21.43,23.2 1 0
github.com/sablierapp/sablier/pkg/sablier/errors.go:29.36,31.2 1 0
github.com/sablierapp/sablier/pkg/sablier/errors.go:37.47,39.2 1 0
github.com/sablierapp/sablier/pkg/sablier/group_watch.go:9.51,12.6 2 0
github.com/sablierapp/sablier/pkg/sablier/group_watch.go:12.6,13.10 1 0
github.com/sablierapp/sablier/pkg/sablier/group_watch.go:14.21,16.10 2 0
github.com/sablierapp/sablier/pkg/sablier/group_watch.go:17.19,19.18 2 0
github.com/sablierapp/sablier/pkg/sablier/group_watch.go:19.18,21.5 1 0
github.com/sablierapp/sablier/pkg/sablier/group_watch.go:21.10,21.28 1 0
github.com/sablierapp/sablier/pkg/sablier/group_watch.go:21.28,23.5 1 0
github.com/sablierapp/sablier/pkg/sablier/instance.go:24.45,26.2 1 0
github.com/sablierapp/sablier/pkg/sablier/instance.go:28.98,36.2 1 0
github.com/sablierapp/sablier/pkg/sablier/instance.go:38.67,45.2 1 0
github.com/sablierapp/sablier/pkg/sablier/instance.go:47.100,54.2 1 0
github.com/sablierapp/sablier/pkg/sablier/instance_expired.go:9.98,10.27 1 0
github.com/sablierapp/sablier/pkg/sablier/instance_expired.go:10.27,11.23 1 0
github.com/sablierapp/sablier/pkg/sablier/instance_expired.go:11.23,14.18 3 0
github.com/sablierapp/sablier/pkg/sablier/instance_expired.go:14.18,15.49 1 0
github.com/sablierapp/sablier/pkg/sablier/instance_expired.go:15.49,18.6 2 0
github.com/sablierapp/sablier/pkg/sablier/instance_expired.go:19.5,19.138 1 0
github.com/sablierapp/sablier/pkg/sablier/instance_request.go:12.115,13.16 1 3
github.com/sablierapp/sablier/pkg/sablier/instance_request.go:13.16,15.3 1 0
github.com/sablierapp/sablier/pkg/sablier/instance_request.go:17.2,18.42 2 3
github.com/sablierapp/sablier/pkg/sablier/instance_request.go:18.42,22.62 3 0
github.com/sablierapp/sablier/pkg/sablier/instance_request.go:22.62,24.4 1 0
github.com/sablierapp/sablier/pkg/sablier/instance_request.go:25.3,28.17 3 0
github.com/sablierapp/sablier/pkg/sablier/instance_request.go:28.17,30.4 1 0
github.com/sablierapp/sablier/pkg/sablier/instance_request.go:31.3,31.42 1 0
github.com/sablierapp/sablier/pkg/sablier/instance_request.go:31.42,33.4 1 0
github.com/sablierapp/sablier/pkg/sablier/instance_request.go:34.3,34.146 1 0
github.com/sablierapp/sablier/pkg/sablier/instance_request.go:35.8,35.23 1 3
github.com/sablierapp/sablier/pkg/sablier/instance_request.go:35.23,38.3 2 0
github.com/sablierapp/sablier/pkg/sablier/instance_request.go:38.8,38.48 1 3
github.com/sablierapp/sablier/pkg/sablier/instance_request.go:38.48,41.17 3 2
github.com/sablierapp/sablier/pkg/sablier/instance_request.go:41.17,43.4 1 0
github.com/sablierapp/sablier/pkg/sablier/instance_request.go:44.3,44.150 1 2
github.com/sablierapp/sablier/pkg/sablier/instance_request.go:47.2,50.16 3 3
github.com/sablierapp/sablier/pkg/sablier/instance_request.go:50.16,53.3 2 0
github.com/sablierapp/sablier/pkg/sablier/instance_request.go:54.2,54.19 1 3
github.com/sablierapp/sablier/pkg/sablier/sablier.go:25.72,34.2 1 6
github.com/sablierapp/sablier/pkg/sablier/sablier.go:36.57,39.19 3 0
github.com/sablierapp/sablier/pkg/sablier/sablier.go:39.19,41.3 1 0
github.com/sablierapp/sablier/pkg/sablier/sablier.go:42.2,42.52 1 0
github.com/sablierapp/sablier/pkg/sablier/sablier.go:42.52,46.3 2 0
github.com/sablierapp/sablier/pkg/sablier/sablier.go:49.74,51.2 1 1
github.com/sablierapp/sablier/pkg/sablier/session.go:14.39,15.24 1 7
github.com/sablierapp/sablier/pkg/sablier/session.go:15.24,17.3 1 0
github.com/sablierapp/sablier/pkg/sablier/session.go:19.2,19.32 1 7
github.com/sablierapp/sablier/pkg/sablier/session.go:19.32,20.65 1 9
github.com/sablierapp/sablier/pkg/sablier/session.go:20.65,22.4 1 4
github.com/sablierapp/sablier/pkg/sablier/session.go:25.2,25.13 1 3
github.com/sablierapp/sablier/pkg/sablier/session.go:29.47,31.35 2 2
github.com/sablierapp/sablier/pkg/sablier/session.go:31.35,32.21 1 2
github.com/sablierapp/sablier/pkg/sablier/session.go:32.21,34.4 1 0
github.com/sablierapp/sablier/pkg/sablier/session.go:36.2,36.29 1 2
github.com/sablierapp/sablier/pkg/sablier/session.go:39.40,40.17 1 0
github.com/sablierapp/sablier/pkg/sablier/session.go:40.17,42.3 1 0
github.com/sablierapp/sablier/pkg/sablier/session.go:44.2,44.20 1 0
github.com/sablierapp/sablier/pkg/sablier/session.go:47.54,54.2 2 0
github.com/sablierapp/sablier/pkg/sablier/session_request.go:18.135,20.21 2 3
github.com/sablierapp/sablier/pkg/sablier/session_request.go:20.21,22.3 1 0
github.com/sablierapp/sablier/pkg/sablier/session_request.go:24.2,33.34 5 3
github.com/sablierapp/sablier/pkg/sablier/session_request.go:33.34,34.24 1 3
github.com/sablierapp/sablier/pkg/sablier/session_request.go:34.24,43.4 5 3
github.com/sablierapp/sablier/pkg/sablier/session_request.go:46.2,48.26 2 3
github.com/sablierapp/sablier/pkg/sablier/session_request.go:51.138,53.21 2 0
github.com/sablierapp/sablier/pkg/sablier/session_request.go:53.21,55.3 1 0
github.com/sablierapp/sablier/pkg/sablier/session_request.go:57.2,58.9 2 0
github.com/sablierapp/sablier/pkg/sablier/session_request.go:58.9,63.3 1 0
github.com/sablierapp/sablier/pkg/sablier/session_request.go:65.2,65.21 1 0
github.com/sablierapp/sablier/pkg/sablier/session_request.go:65.21,67.3 1 0
github.com/sablierapp/sablier/pkg/sablier/session_request.go:69.2,69.47 1 0
github.com/sablierapp/sablier/pkg/sablier/session_request.go:72.146,75.16 3 3
github.com/sablierapp/sablier/pkg/sablier/session_request.go:75.16,77.3 1 0
github.com/sablierapp/sablier/pkg/sablier/session_request.go:79.2,79.23 1 3
github.com/sablierapp/sablier/pkg/sablier/session_request.go:79.23,81.3 1 1
github.com/sablierapp/sablier/pkg/sablier/session_request.go:83.2,83.49 1 2
github.com/sablierapp/sablier/pkg/sablier/session_request.go:83.49,85.3 1 0
github.com/sablierapp/sablier/pkg/sablier/session_request.go:87.2,92.12 5 2
github.com/sablierapp/sablier/pkg/sablier/session_request.go:92.12,93.7 1 2
github.com/sablierapp/sablier/pkg/sablier/session_request.go:93.7,94.11 1 2
github.com/sablierapp/sablier/pkg/sablier/session_request.go:95.20,97.19 2 0
github.com/sablierapp/sablier/pkg/sablier/session_request.go:97.19,100.6 2 0
github.com/sablierapp/sablier/pkg/sablier/session_request.go:101.5,101.26 1 0
github.com/sablierapp/sablier/pkg/sablier/session_request.go:101.26,104.6 2 0
github.com/sablierapp/sablier/pkg/sablier/session_request.go:105.5,105.52 1 0
github.com/sablierapp/sablier/pkg/sablier/session_request.go:105.52,108.6 2 0
github.com/sablierapp/sablier/pkg/sablier/session_request.go:109.16,111.11 2 2
github.com/sablierapp/sablier/pkg/sablier/session_request.go:116.2,116.9 1 2
github.com/sablierapp/sablier/pkg/sablier/session_request.go:117.20,120.23 3 1
github.com/sablierapp/sablier/pkg/sablier/session_request.go:120.23,122.4 1 1
github.com/sablierapp/sablier/pkg/sablier/session_request.go:123.3,123.54 1 0
github.com/sablierapp/sablier/pkg/sablier/session_request.go:124.29,126.21 2 0
github.com/sablierapp/sablier/pkg/sablier/session_request.go:127.22,129.18 2 0
github.com/sablierapp/sablier/pkg/sablier/session_request.go:130.29,132.77 2 1
github.com/sablierapp/sablier/pkg/sablier/session_request.go:136.166,138.21 2 0
github.com/sablierapp/sablier/pkg/sablier/session_request.go:138.21,140.3 1 0
github.com/sablierapp/sablier/pkg/sablier/session_request.go:142.2,143.9 2 0
github.com/sablierapp/sablier/pkg/sablier/session_request.go:143.9,148.3 1 0
github.com/sablierapp/sablier/pkg/sablier/session_request.go:150.2,150.21 1 0
github.com/sablierapp/sablier/pkg/sablier/session_request.go:150.21,152.3 1 0
github.com/sablierapp/sablier/pkg/sablier/session_request.go:154.2,154.61 1 0
github.com/sablierapp/sablier/internal/api/apitest/mocks_sablier.go:34.59,38.2 3 0
github.com/sablierapp/sablier/internal/api/apitest/mocks_sablier.go:41.57,43.2 1 0
github.com/sablierapp/sablier/internal/api/apitest/mocks_sablier.go:46.144,52.2 5 0
github.com/sablierapp/sablier/internal/api/apitest/mocks_sablier.go:55.104,58.2 2 0
github.com/sablierapp/sablier/internal/api/apitest/mocks_sablier.go:61.147,67.2 5 0
github.com/sablierapp/sablier/internal/api/apitest/mocks_sablier.go:70.109,73.2 2 0
github.com/sablierapp/sablier/internal/api/apitest/mocks_sablier.go:76.130,82.2 5 0
github.com/sablierapp/sablier/internal/api/apitest/mocks_sablier.go:85.90,88.2 2 0
github.com/sablierapp/sablier/internal/api/apitest/mocks_sablier.go:91.133,97.2 5 0
github.com/sablierapp/sablier/internal/api/apitest/mocks_sablier.go:100.95,103.2 2 0
github.com/sablierapp/sablier/pkg/store/inmemory/inmemory.go:16.34,20.2 1 4
github.com/sablierapp/sablier/pkg/store/inmemory/inmemory.go:26.53,28.2 1 0
github.com/sablierapp/sablier/pkg/store/inmemory/inmemory.go:30.49,32.2 1 0
github.com/sablierapp/sablier/pkg/store/inmemory/inmemory.go:34.82,36.9 2 5
github.com/sablierapp/sablier/pkg/store/inmemory/inmemory.go:36.9,38.3 1 3
github.com/sablierapp/sablier/pkg/store/inmemory/inmemory.go:39.2,39.17 1 2
github.com/sablierapp/sablier/pkg/store/inmemory/inmemory.go:42.100,44.2 1 3
github.com/sablierapp/sablier/pkg/store/inmemory/inmemory.go:46.61,49.2 2 1
github.com/sablierapp/sablier/pkg/store/inmemory/inmemory.go:51.69,52.58 1 1
github.com/sablierapp/sablier/pkg/store/inmemory/inmemory.go:52.58,54.3 1 1
github.com/sablierapp/sablier/pkg/store/inmemory/inmemory.go:55.2,55.12 1 1
github.com/sablierapp/sablier/internal/server/logging.go:12.60,29.2 1 0
github.com/sablierapp/sablier/internal/server/routes.go:10.110,25.2 7 0
github.com/sablierapp/sablier/internal/server/server.go:16.120,25.2 5 0
github.com/sablierapp/sablier/internal/server/server.go:27.102,30.42 2 0
github.com/sablierapp/sablier/internal/server/server.go:30.42,32.3 1 0
github.com/sablierapp/sablier/internal/server/server.go:32.8,34.3 1 0
github.com/sablierapp/sablier/internal/server/server.go:36.2,55.16 8 0
github.com/sablierapp/sablier/internal/server/server.go:55.16,57.3 1 0
github.com/sablierapp/sablier/internal/server/server.go:61.53,62.43 1 0
github.com/sablierapp/sablier/internal/server/server.go:62.43,63.43 1 0
github.com/sablierapp/sablier/internal/server/server.go:63.43,65.4 1 0
github.com/sablierapp/sablier/internal/server/server.go:65.9,67.4 1 0
github.com/sablierapp/sablier/pkg/theme/errors.go:12.42,14.2 1 0
github.com/sablierapp/sablier/pkg/theme/list.go:6.34,9.48 2 2
github.com/sablierapp/sablier/pkg/theme/list.go:9.48,10.50 1 13
github.com/sablierapp/sablier/pkg/theme/list.go:10.50,12.4 1 11
github.com/sablierapp/sablier/pkg/theme/list.go:15.2,15.15 1 2
github.com/sablierapp/sablier/pkg/theme/parse.go:9.50,10.78 1 6
github.com/sablierapp/sablier/pkg/theme/parse.go:10.78,11.38 1 28
github.com/sablierapp/sablier/pkg/theme/parse.go:11.38,14.18 3 16
github.com/sablierapp/sablier/pkg/theme/parse.go:14.18,17.5 2 0
github.com/sablierapp/sablier/pkg/theme/parse.go:19.4,19.67 1 16
github.com/sablierapp/sablier/pkg/theme/parse.go:21.3,21.13 1 28
github.com/sablierapp/sablier/pkg/theme/parse.go:24.2,24.12 1 6
github.com/sablierapp/sablier/pkg/theme/render.go:11.76,14.22 2 7
github.com/sablierapp/sablier/pkg/theme/render.go:14.22,16.3 1 1
github.com/sablierapp/sablier/pkg/theme/render.go:16.8,18.3 1 6
github.com/sablierapp/sablier/pkg/theme/render.go:20.2,29.16 3 7
github.com/sablierapp/sablier/pkg/theme/render.go:29.16,34.3 1 1
github.com/sablierapp/sablier/pkg/theme/render.go:36.2,36.37 1 6
github.com/sablierapp/sablier/pkg/theme/theme.go:20.48,27.16 3 0
github.com/sablierapp/sablier/pkg/theme/theme.go:27.16,31.3 2 0
github.com/sablierapp/sablier/pkg/theme/theme.go:33.2,33.20 1 0
github.com/sablierapp/sablier/pkg/theme/theme.go:36.78,43.16 3 3
github.com/sablierapp/sablier/pkg/theme/theme.go:43.16,47.3 2 0
github.com/sablierapp/sablier/pkg/theme/theme.go:49.2,50.16 2 3
github.com/sablierapp/sablier/pkg/theme/theme.go:50.16,53.3 2 0
github.com/sablierapp/sablier/pkg/theme/theme.go:55.2,55.20 1 3
github.com/sablierapp/sablier/pkg/tinykv/heap.go:41.24,44.32 2 0
github.com/sablierapp/sablier/pkg/tinykv/heap.go:44.32,46.3 1 0
github.com/sablierapp/sablier/pkg/tinykv/heap.go:51.31,54.2 2 0
github.com/sablierapp/sablier/pkg/tinykv/heap.go:59.27,64.2 4 0
github.com/sablierapp/sablier/pkg/tinykv/heap.go:68.37,70.12 2 0
github.com/sablierapp/sablier/pkg/tinykv/heap.go:70.12,72.21 2 0
github.com/sablierapp/sablier/pkg/tinykv/heap.go:72.21,74.4 1 0
github.com/sablierapp/sablier/pkg/tinykv/heap.go:76.2,76.16 1 0
github.com/sablierapp/sablier/pkg/tinykv/heap.go:83.30,84.26 1 0
github.com/sablierapp/sablier/pkg/tinykv/heap.go:84.26,86.3 1 0
github.com/sablierapp/sablier/pkg/tinykv/heap.go:89.29,90.6 1 0
github.com/sablierapp/sablier/pkg/tinykv/heap.go:90.6,92.30 2 0
github.com/sablierapp/sablier/pkg/tinykv/heap.go:92.30,93.9 1 0
github.com/sablierapp/sablier/pkg/tinykv/heap.go:95.3,96.8 2 0
github.com/sablierapp/sablier/pkg/tinykv/heap.go:100.40,102.6 2 0
github.com/sablierapp/sablier/pkg/tinykv/heap.go:102.6,104.24 2 0
github.com/sablierapp/sablier/pkg/tinykv/heap.go:104.24,105.9 1 0
github.com/sablierapp/sablier/pkg/tinykv/heap.go:107.3,108.45 2 0
github.com/sablierapp/sablier/pkg/tinykv/heap.go:108.45,110.4 1 0
github.com/sablierapp/sablier/pkg/tinykv/heap.go:111.3,111.20 1 0
github.com/sablierapp/sablier/pkg/tinykv/heap.go:111.20,112.9 1 0
github.com/sablierapp/sablier/pkg/tinykv/heap.go:114.3,115.8 2 0
github.com/sablierapp/sablier/pkg/tinykv/heap.go:117.2,117.15 1 0
github.com/sablierapp/sablier/pkg/tinykv/retry.go:9.41,10.15 1 11014
github.com/sablierapp/sablier/pkg/tinykv/retry.go:10.15,11.31 1 11014
github.com/sablierapp/sablier/pkg/tinykv/retry.go:11.31,12.32 1 0
github.com/sablierapp/sablier/pkg/tinykv/retry.go:12.32,15.5 2 0
github.com/sablierapp/sablier/pkg/tinykv/retry.go:16.4,16.62 1 0
github.com/sablierapp/sablier/pkg/tinykv/retry.go:19.2,19.12 1 11014
github.com/sablierapp/sablier/pkg/tinykv/timeout_heap.go:37.50,40.2 2 16966
github.com/sablierapp/sablier/pkg/tinykv/timeout_heap.go:45.46,50.2 4 16955
github.com/sablierapp/sablier/pkg/tinykv/timeout_heap.go:52.45,53.6 1 16966
github.com/sablierapp/sablier/pkg/tinykv/timeout_heap.go:53.6,55.30 2 25249
github.com/sablierapp/sablier/pkg/tinykv/timeout_heap.go:55.30,56.9 1 16966
github.com/sablierapp/sablier/pkg/tinykv/timeout_heap.go:58.3,59.8 2 8283
github.com/sablierapp/sablier/pkg/tinykv/timeout_heap.go:63.56,65.6 2 16955
github.com/sablierapp/sablier/pkg/tinykv/timeout_heap.go:65.6,67.24 2 175415
github.com/sablierapp/sablier/pkg/tinykv/timeout_heap.go:67.24,68.9 1 14625
github.com/sablierapp/sablier/pkg/tinykv/timeout_heap.go:70.3,71.45 2 160790
github.com/sablierapp/sablier/pkg/tinykv/timeout_heap.go:71.45,73.4 1 77491
github.com/sablierapp/sablier/pkg/tinykv/timeout_heap.go:74.3,74.20 1 160790
github.com/sablierapp/sablier/pkg/tinykv/timeout_heap.go:74.20,75.9 1 2330
github.com/sablierapp/sablier/pkg/tinykv/timeout_heap.go:77.3,78.8 2 158460
github.com/sablierapp/sablier/pkg/tinykv/timeout_heap.go:80.2,80.15 1 16955
github.com/sablierapp/sablier/pkg/tinykv/tinykv.go:17.39,23.2 1 11026
github.com/sablierapp/sablier/pkg/tinykv/tinykv.go:25.35,26.15 1 22193
github.com/sablierapp/sablier/pkg/tinykv/tinykv.go:26.15,28.3 1 0
github.com/sablierapp/sablier/pkg/tinykv/tinykv.go:29.2,29.39 1 22193
github.com/sablierapp/sablier/pkg/tinykv/tinykv.go:37.33,37.50 1 33921
github.com/sablierapp/sablier/pkg/tinykv/tinykv.go:38.33,38.81 1 346754
github.com/sablierapp/sablier/pkg/tinykv/tinykv.go:39.33,39.60 1 183698
github.com/sablierapp/sablier/pkg/tinykv/tinykv.go:40.33,40.55 1 16966
github.com/sablierapp/sablier/pkg/tinykv/tinykv.go:41.27,47.2 5 16955
github.com/sablierapp/sablier/pkg/tinykv/tinykv.go:87.87,88.29 1 15
github.com/sablierapp/sablier/pkg/tinykv/tinykv.go:88.29,90.3 1 7
github.com/sablierapp/sablier/pkg/tinykv/tinykv.go:91.2,100.12 3 15
github.com/sablierapp/sablier/pkg/tinykv/tinykv.go:103.63,105.2 1 0
github.com/sablierapp/sablier/pkg/tinykv/tinykv.go:108.28,109.24 1 7
github.com/sablierapp/sablier/pkg/tinykv/tinykv.go:109.24,109.42 1 7
github.com/sablierapp/sablier/pkg/tinykv/tinykv.go:113.38,117.2 3 2
github.com/sablierapp/sablier/pkg/tinykv/tinykv.go:119.45,125.9 5 10009
github.com/sablierapp/sablier/pkg/tinykv/tinykv.go:125.9,127.3 1 10001
github.com/sablierapp/sablier/pkg/tinykv/tinykv.go:128.2,128.17 1 8
github.com/sablierapp/sablier/pkg/tinykv/tinykv.go:128.17,132.3 3 5
github.com/sablierapp/sablier/pkg/tinykv/tinykv.go:133.2,133.20 1 3
github.com/sablierapp/sablier/pkg/tinykv/tinykv.go:136.44,140.23 3 1
github.com/sablierapp/sablier/pkg/tinykv/tinykv.go:140.23,142.3 1 2
github.com/sablierapp/sablier/pkg/tinykv/tinykv.go:143.2,143.13 1 1
github.com/sablierapp/sablier/pkg/tinykv/tinykv.go:146.43,150.26 3 1
github.com/sablierapp/sablier/pkg/tinykv/tinykv.go:150.26,152.3 1 2
github.com/sablierapp/sablier/pkg/tinykv/tinykv.go:153.2,153.15 1 1
github.com/sablierapp/sablier/pkg/tinykv/tinykv.go:156.61,161.26 4 3
github.com/sablierapp/sablier/pkg/tinykv/tinykv.go:161.26,166.23 2 4
github.com/sablierapp/sablier/pkg/tinykv/tinykv.go:166.23,174.4 2 4
github.com/sablierapp/sablier/pkg/tinykv/tinykv.go:175.3,175.17 1 4
github.com/sablierapp/sablier/pkg/tinykv/tinykv.go:177.2,177.16 1 3
github.com/sablierapp/sablier/pkg/tinykv/tinykv.go:181.74,193.2 7 11026
github.com/sablierapp/sablier/pkg/tinykv/tinykv.go:195.51,199.2 3 1
github.com/sablierapp/sablier/pkg/tinykv/tinykv.go:201.50,202.22 1 1
github.com/sablierapp/sablier/pkg/tinykv/tinykv.go:202.22,210.3 1 1
github.com/sablierapp/sablier/pkg/tinykv/tinykv.go:211.2,211.17 1 0
github.com/sablierapp/sablier/pkg/tinykv/tinykv.go:220.51,224.60 2 2
github.com/sablierapp/sablier/pkg/tinykv/tinykv.go:224.60,226.3 1 0
github.com/sablierapp/sablier/pkg/tinykv/tinykv.go:228.2,228.28 1 2
github.com/sablierapp/sablier/pkg/tinykv/tinykv.go:228.28,229.17 1 6
github.com/sablierapp/sablier/pkg/tinykv/tinykv.go:229.17,230.61 1 1
github.com/sablierapp/sablier/pkg/tinykv/tinykv.go:230.61,232.5 1 0
github.com/sablierapp/sablier/pkg/tinykv/tinykv.go:236.2,236.12 1 2
github.com/sablierapp/sablier/pkg/tinykv/tinykv.go:239.57,246.58 2 6
github.com/sablierapp/sablier/pkg/tinykv/tinykv.go:246.58,248.3 1 0
github.com/sablierapp/sablier/pkg/tinykv/tinykv.go:250.2,250.39 1 6
github.com/sablierapp/sablier/pkg/tinykv/tinykv.go:250.39,254.3 3 1
github.com/sablierapp/sablier/pkg/tinykv/tinykv.go:254.8,256.3 1 5
github.com/sablierapp/sablier/pkg/tinykv/tinykv.go:257.2,257.12 1 6
github.com/sablierapp/sablier/pkg/tinykv/tinykv.go:262.34,265.6 3 15
github.com/sablierapp/sablier/pkg/tinykv/tinykv.go:265.6,266.10 1 690
github.com/sablierapp/sablier/pkg/tinykv/tinykv.go:267.18,268.10 1 7
github.com/sablierapp/sablier/pkg/tinykv/tinykv.go:269.23,271.13 2 675
github.com/sablierapp/sablier/pkg/tinykv/tinykv.go:271.13,273.5 1 0
github.com/sablierapp/sablier/pkg/tinykv/tinykv.go:274.4,274.43 1 675
github.com/sablierapp/sablier/pkg/tinykv/tinykv.go:274.43,276.5 1 45
github.com/sablierapp/sablier/pkg/tinykv/tinykv.go:277.4,277.21 1 675
github.com/sablierapp/sablier/pkg/tinykv/tinykv.go:277.21,279.5 1 0
github.com/sablierapp/sablier/pkg/tinykv/tinykv.go:280.4,280.30 1 675
github.com/sablierapp/sablier/pkg/tinykv/tinykv.go:285.48,290.23 4 675
github.com/sablierapp/sablier/pkg/tinykv/tinykv.go:290.23,292.3 1 473
github.com/sablierapp/sablier/pkg/tinykv/tinykv.go:293.2,295.23 3 202
github.com/sablierapp/sablier/pkg/tinykv/tinykv.go:295.23,297.24 2 11209
github.com/sablierapp/sablier/pkg/tinykv/tinykv.go:297.24,298.9 1 29
github.com/sablierapp/sablier/pkg/tinykv/tinykv.go:300.3,302.10 3 11180
github.com/sablierapp/sablier/pkg/tinykv/tinykv.go:302.10,304.12 2 5
github.com/sablierapp/sablier/pkg/tinykv/tinykv.go:306.3,306.22 1 11175
github.com/sablierapp/sablier/pkg/tinykv/tinykv.go:306.22,308.20 2 165
github.com/sablierapp/sablier/pkg/tinykv/tinykv.go:308.20,310.5 1 0
github.com/sablierapp/sablier/pkg/tinykv/tinykv.go:311.4,311.9 1 165
github.com/sablierapp/sablier/pkg/tinykv/tinykv.go:313.3,314.9 2 11010
github.com/sablierapp/sablier/pkg/tinykv/tinykv.go:314.9,316.4 1 11010
github.com/sablierapp/sablier/pkg/tinykv/tinykv.go:318.1,319.25 1 202
github.com/sablierapp/sablier/pkg/tinykv/tinykv.go:319.25,323.22 2 11010
github.com/sablierapp/sablier/pkg/tinykv/tinykv.go:323.22,325.14 2 0
github.com/sablierapp/sablier/pkg/tinykv/tinykv.go:327.3,327.19 1 11010
github.com/sablierapp/sablier/pkg/tinykv/tinykv.go:329.2,330.39 2 202
github.com/sablierapp/sablier/pkg/tinykv/tinykv.go:330.39,333.19 3 29
github.com/sablierapp/sablier/pkg/tinykv/tinykv.go:333.19,335.4 1 28
github.com/sablierapp/sablier/pkg/tinykv/tinykv.go:337.2,337.17 1 202
github.com/sablierapp/sablier/pkg/tinykv/tinykv.go:342.32,343.21 1 207
github.com/sablierapp/sablier/pkg/tinykv/tinykv.go:343.21,345.3 1 1
github.com/sablierapp/sablier/pkg/tinykv/tinykv.go:346.2,346.28 1 206
github.com/sablierapp/sablier/pkg/tinykv/tinykv.go:346.28,348.24 2 11014
github.com/sablierapp/sablier/pkg/tinykv/tinykv.go:348.24,351.4 2 11014
github.com/sablierapp/sablier/pkg/store/valkey/valkey.go:20.76,22.16 2 1
github.com/sablierapp/sablier/pkg/store/valkey/valkey.go:22.16,24.3 1 0
github.com/sablierapp/sablier/pkg/store/valkey/valkey.go:26.2,29.16 2 1
github.com/sablierapp/sablier/pkg/store/valkey/valkey.go:29.16,31.3 1 0
github.com/sablierapp/sablier/pkg/store/valkey/valkey.go:33.2,33.37 1 1
github.com/sablierapp/sablier/pkg/store/valkey/valkey.go:36.83,38.29 2 5
github.com/sablierapp/sablier/pkg/store/valkey/valkey.go:38.29,40.3 1 3
github.com/sablierapp/sablier/pkg/store/valkey/valkey.go:41.2,41.16 1 2
github.com/sablierapp/sablier/pkg/store/valkey/valkey.go:41.16,43.3 1 0
github.com/sablierapp/sablier/pkg/store/valkey/valkey.go:45.2,47.16 3 2
github.com/sablierapp/sablier/pkg/store/valkey/valkey.go:47.16,49.3 1 0
github.com/sablierapp/sablier/pkg/store/valkey/valkey.go:51.2,51.15 1 2
github.com/sablierapp/sablier/pkg/store/valkey/valkey.go:54.101,56.16 2 3
github.com/sablierapp/sablier/pkg/store/valkey/valkey.go:56.16,58.3 1 0
github.com/sablierapp/sablier/pkg/store/valkey/valkey.go:60.2,60.111 1 3
github.com/sablierapp/sablier/pkg/store/valkey/valkey.go:63.62,65.2 1 1
github.com/sablierapp/sablier/pkg/store/valkey/valkey.go:67.70,68.12 1 1
github.com/sablierapp/sablier/pkg/store/valkey/valkey.go:68.12,69.120 1 1
github.com/sablierapp/sablier/pkg/store/valkey/valkey.go:69.120,70.32 1 2
github.com/sablierapp/sablier/pkg/store/valkey/valkey.go:70.32,74.5 3 1
github.com/sablierapp/sablier/pkg/store/valkey/valkey.go:76.3,76.17 1 1
github.com/sablierapp/sablier/pkg/store/valkey/valkey.go:76.17,78.4 1 1
github.com/sablierapp/sablier/pkg/store/valkey/valkey.go:80.2,80.12 1 1
github.com/sablierapp/sablier/pkg/provider/providertest/mock_provider.go:34.61,38.2 3 0
github.com/sablierapp/sablier/pkg/provider/providertest/mock_provider.go:41.59,43.2 1 0
github.com/sablierapp/sablier/pkg/provider/providertest/mock_provider.go:46.89,52.2 5 0
github.com/sablierapp/sablier/pkg/provider/providertest/mock_provider.go:55.74,58.2 2 0
github.com/sablierapp/sablier/pkg/provider/providertest/mock_provider.go:61.104,67.2 5 0
github.com/sablierapp/sablier/pkg/provider/providertest/mock_provider.go:70.81,73.2 2 0
github.com/sablierapp/sablier/pkg/provider/providertest/mock_provider.go:76.137,82.2 5 0
github.com/sablierapp/sablier/pkg/provider/providertest/mock_provider.go:85.81,88.2 2 0
github.com/sablierapp/sablier/pkg/provider/providertest/mock_provider.go:91.78,96.2 4 0
github.com/sablierapp/sablier/pkg/provider/providertest/mock_provider.go:99.79,102.2 2 0
github.com/sablierapp/sablier/pkg/provider/providertest/mock_provider.go:105.77,110.2 4 0
github.com/sablierapp/sablier/pkg/provider/providertest/mock_provider.go:113.78,116.2 2 0
github.com/sablierapp/sablier/pkg/provider/providertest/mock_provider.go:119.91,122.2 2 0
github.com/sablierapp/sablier/pkg/provider/providertest/mock_provider.go:125.91,128.2 2 0
github.com/sablierapp/sablier/pkg/store/storetest/mocks_store.go:34.55,38.2 3 0
github.com/sablierapp/sablier/pkg/store/storetest/mocks_store.go:41.53,43.2 1 0
github.com/sablierapp/sablier/pkg/store/storetest/mocks_store.go:46.69,51.2 4 0
github.com/sablierapp/sablier/pkg/store/storetest/mocks_store.go:54.70,57.2 2 0
github.com/sablierapp/sablier/pkg/store/storetest/mocks_store.go:60.90,66.2 5 0
github.com/sablierapp/sablier/pkg/store/storetest/mocks_store.go:69.67,72.2 2 0
github.com/sablierapp/sablier/pkg/store/storetest/mocks_store.go:75.77,80.2 4 0
github.com/sablierapp/sablier/pkg/store/storetest/mocks_store.go:83.72,86.2 2 0
github.com/sablierapp/sablier/pkg/store/storetest/mocks_store.go:89.100,94.2 4 0
github.com/sablierapp/sablier/pkg/store/storetest/mocks_store.go:97.73,100.2 2 0
github.com/sablierapp/sablier/pkg/testcontainers/pind/pind.go:21.107,27.50 1 0
github.com/sablierapp/sablier/pkg/testcontainers/pind/pind.go:27.51,29.4 0 0
github.com/sablierapp/sablier/pkg/testcontainers/pind/pind.go:30.54,35.4 3 0
github.com/sablierapp/sablier/pkg/testcontainers/pind/pind.go:42.2,47.27 2 0
github.com/sablierapp/sablier/pkg/testcontainers/pind/pind.go:47.27,48.61 1 0
github.com/sablierapp/sablier/pkg/testcontainers/pind/pind.go:48.61,50.4 1 0
github.com/sablierapp/sablier/pkg/testcontainers/pind/pind.go:53.2,55.22 3 0
github.com/sablierapp/sablier/pkg/testcontainers/pind/pind.go:55.22,57.3 1 0
github.com/sablierapp/sablier/pkg/testcontainers/pind/pind.go:58.2,58.16 1 0
github.com/sablierapp/sablier/pkg/testcontainers/pind/pind.go:58.16,60.3 1 0
github.com/sablierapp/sablier/pkg/testcontainers/pind/pind.go:62.2,62.15 1 0
github.com/sablierapp/sablier/pkg/testcontainers/pind/pind.go:66.63,68.2 1 0
github.com/sablierapp/sablier/pkg/testcontainers/pind/pind.go:71.78,73.77 2 0
github.com/sablierapp/sablier/pkg/testcontainers/pind/pind.go:73.77,75.3 1 0
github.com/sablierapp/sablier/pkg/testcontainers/pind/pind.go:78.2,79.16 2 0
github.com/sablierapp/sablier/pkg/testcontainers/pind/pind.go:79.16,81.3 1 0
github.com/sablierapp/sablier/pkg/testcontainers/pind/pind.go:82.2,82.15 1 0
github.com/sablierapp/sablier/pkg/testcontainers/pind/pind.go:82.15,84.3 1 0
github.com/sablierapp/sablier/pkg/testcontainers/pind/pind.go:86.2,86.73 1 0
github.com/sablierapp/sablier/pkg/testcontainers/pind/pind.go:86.73,88.3 1 0
github.com/sablierapp/sablier/pkg/testcontainers/pind/pind.go:90.2,91.90 2 0
github.com/sablierapp/sablier/pkg/testcontainers/pind/pind.go:91.90,93.3 1 0
github.com/sablierapp/sablier/pkg/testcontainers/pind/pind.go:95.2,95.90 1 0
github.com/sablierapp/sablier/pkg/testcontainers/pind/pind.go:95.90,97.3 1 0
github.com/sablierapp/sablier/pkg/testcontainers/pind/pind.go:99.2,99.12 1 0
github.com/sablierapp/sablier/pkg/version/info.go:31.35,45.62 4 0
github.com/sablierapp/sablier/pkg/version/info.go:45.62,46.13 1 0
github.com/sablierapp/sablier/pkg/version/info.go:48.2,48.40 1 0
github.com/sablierapp/sablier/pkg/version/info.go:52.20,54.2 1 0
github.com/sablierapp/sablier/pkg/version/info.go:57.28,59.2 1 0
github.com/sablierapp/sablier/pkg/version/info.go:61.30,72.2 1 0
github.com/sablierapp/sablier/pkg/sabliercmd/healthcheck.go:17.40,20.16 2 0
github.com/sablierapp/sablier/pkg/sabliercmd/healthcheck.go:20.16,22.3 1 0
github.com/sablierapp/sablier/pkg/sabliercmd/healthcheck.go:24.2,26.16 2 0
github.com/sablierapp/sablier/pkg/sabliercmd/healthcheck.go:26.16,28.3 1 0
github.com/sablierapp/sablier/pkg/sabliercmd/healthcheck.go:30.2,30.28 1 0
github.com/sablierapp/sablier/pkg/sabliercmd/healthcheck.go:30.28,32.3 1 0
github.com/sablierapp/sablier/pkg/sabliercmd/healthcheck.go:34.2,34.30 1 0
github.com/sablierapp/sablier/pkg/sabliercmd/healthcheck.go:37.36,41.48 1 6
github.com/sablierapp/sablier/pkg/sabliercmd/healthcheck.go:41.48,44.15 2 0
github.com/sablierapp/sablier/pkg/sabliercmd/healthcheck.go:44.15,47.5 2 0
github.com/sablierapp/sablier/pkg/sabliercmd/healthcheck.go:47.10,50.5 2 0
github.com/sablierapp/sablier/pkg/sabliercmd/logger.go:13.54,24.2 4 0
github.com/sablierapp/sablier/pkg/sabliercmd/logger.go:26.45,27.32 1 0
github.com/sablierapp/sablier/pkg/sabliercmd/logger.go:28.32,29.25 1 0
github.com/sablierapp/sablier/pkg/sabliercmd/logger.go:30.31,31.24 1 0
github.com/sablierapp/sablier/pkg/sabliercmd/logger.go:32.31,33.24 1 0
github.com/sablierapp/sablier/pkg/sabliercmd/logger.go:34.32,35.25 1 0
github.com/sablierapp/sablier/pkg/sabliercmd/logger.go:36.10,38.24 2 0
github.com/sablierapp/sablier/pkg/sabliercmd/provider.go:20.112,21.41 1 0
github.com/sablierapp/sablier/pkg/sabliercmd/provider.go:21.41,23.3 1 0
github.com/sablierapp/sablier/pkg/sabliercmd/provider.go:25.2,25.21 1 0
github.com/sablierapp/sablier/pkg/sabliercmd/provider.go:26.31,28.17 2 0
github.com/sablierapp/sablier/pkg/sabliercmd/provider.go:28.17,30.4 1 0
github.com/sablierapp/sablier/pkg/sabliercmd/provider.go:31.3,31.67 1 0
github.com/sablierapp/sablier/pkg/sabliercmd/provider.go:32.16,34.17 2 0
github.com/sablierapp/sablier/pkg/sabliercmd/provider.go:34.17,36.4 1 0
github.com/sablierapp/sablier/pkg/sabliercmd/provider.go:37.3,37.86 1 0
github.com/sablierapp/sablier/pkg/sabliercmd/provider.go:38.20,40.17 2 0
github.com/sablierapp/sablier/pkg/sabliercmd/provider.go:40.17,42.4 1 0
github.com/sablierapp/sablier/pkg/sabliercmd/provider.go:43.3,47.17 4 0
github.com/sablierapp/sablier/pkg/sabliercmd/provider.go:47.17,49.4 1 0
github.com/sablierapp/sablier/pkg/sabliercmd/provider.go:50.3,50.85 1 0
github.com/sablierapp/sablier/pkg/sabliercmd/provider.go:51.16,53.17 2 0
github.com/sablierapp/sablier/pkg/sabliercmd/provider.go:53.17,55.4 1 0
github.com/sablierapp/sablier/pkg/sabliercmd/provider.go:56.3,56.62 1 0
github.com/sablierapp/sablier/pkg/sabliercmd/provider.go:58.2,58.66 1 0
github.com/sablierapp/sablier/pkg/sabliercmd/root.go:25.38,31.68 1 6
github.com/sablierapp/sablier/pkg/sabliercmd/root.go:31.68,34.4 1 6
github.com/sablierapp/sablier/pkg/sabliercmd/root.go:37.2,97.16 48 6
github.com/sablierapp/sablier/pkg/sabliercmd/root.go:100.49,111.19 7 6
github.com/sablierapp/sablier/pkg/sabliercmd/root.go:111.19,113.3 1 5
github.com/sablierapp/sablier/pkg/sabliercmd/root.go:118.2,118.41 1 6
github.com/sablierapp/sablier/pkg/sabliercmd/root.go:118.41,121.48 2 1
github.com/sablierapp/sablier/pkg/sabliercmd/root.go:121.48,123.4 1 0
github.com/sablierapp/sablier/pkg/sabliercmd/root.go:129.2,134.12 3 6
github.com/sablierapp/sablier/pkg/sabliercmd/root.go:138.52,139.43 1 6
github.com/sablierapp/sablier/pkg/sabliercmd/root.go:139.43,145.36 4 132
github.com/sablierapp/sablier/pkg/sabliercmd/root.go:145.36,148.4 2 59
github.com/sablierapp/sablier/pkg/sabliercmd/start.go:21.45,25.55 1 0
github.com/sablierapp/sablier/pkg/sabliercmd/start.go:25.55,26.49 1 0
github.com/sablierapp/sablier/pkg/sabliercmd/start.go:26.49,28.5 1 0
github.com/sablierapp/sablier/pkg/sabliercmd/start.go:30.4,30.37 1 0
github.com/sablierapp/sablier/pkg/sabliercmd/start.go:36.59,45.16 6 0
github.com/sablierapp/sablier/pkg/sabliercmd/start.go:45.16,47.3 1 0
github.com/sablierapp/sablier/pkg/sabliercmd/start.go:49.2,51.16 3 0
github.com/sablierapp/sablier/pkg/sabliercmd/start.go:51.16,53.3 1 0
github.com/sablierapp/sablier/pkg/sabliercmd/start.go:55.2,59.16 4 0
github.com/sablierapp/sablier/pkg/sabliercmd/start.go:59.16,61.3 1 0
github.com/sablierapp/sablier/pkg/sabliercmd/start.go:61.8,63.3 1 0
github.com/sablierapp/sablier/pkg/sabliercmd/start.go:65.2,68.12 4 0
github.com/sablierapp/sablier/pkg/sabliercmd/start.go:68.12,69.40 1 0
github.com/sablierapp/sablier/pkg/sabliercmd/start.go:69.40,71.18 2 0
github.com/sablierapp/sablier/pkg/sabliercmd/start.go:71.18,73.5 1 0
github.com/sablierapp/sablier/pkg/sabliercmd/start.go:77.2,77.37 1 0
github.com/sablierapp/sablier/pkg/sabliercmd/start.go:77.37,79.17 2 0
github.com/sablierapp/sablier/pkg/sabliercmd/start.go:79.17,81.4 1 0
github.com/sablierapp/sablier/pkg/sabliercmd/start.go:84.2,85.16 2 0
github.com/sablierapp/sablier/pkg/sabliercmd/start.go:85.16,87.3 1 0
github.com/sablierapp/sablier/pkg/sabliercmd/start.go:89.2,109.12 9 0
github.com/sablierapp/sablier/pkg/sabliercmd/testing.go:12.49,14.2 1 2
github.com/sablierapp/sablier/pkg/sabliercmd/testing.go:17.26,19.2 1 2
github.com/sablierapp/sablier/pkg/sabliercmd/testing.go:22.33,24.2 1 6
github.com/sablierapp/sablier/pkg/sabliercmd/testing.go:27.20,29.2 1 6
github.com/sablierapp/sablier/pkg/sabliercmd/theme.go:12.102,13.50 1 0
github.com/sablierapp/sablier/pkg/sabliercmd/theme.go:13.50,17.17 4 0
github.com/sablierapp/sablier/pkg/sabliercmd/theme.go:17.17,20.18 3 0
github.com/sablierapp/sablier/pkg/sabliercmd/theme.go:20.18,22.5 1 0
github.com/sablierapp/sablier/pkg/sabliercmd/theme.go:24.3,24.16 1 0
github.com/sablierapp/sablier/pkg/sabliercmd/theme.go:26.2,28.16 3 0
github.com/sablierapp/sablier/pkg/sabliercmd/theme.go:28.16,31.3 1 0
github.com/sablierapp/sablier/pkg/sabliercmd/theme.go:32.2,32.15 1 0
github.com/sablierapp/sablier/pkg/sabliercmd/version.go:11.37,15.48 1 6
github.com/sablierapp/sablier/pkg/sabliercmd/version.go:15.48,17.4 1 0
github.com/sablierapp/sablier/pkg/provider/podman/container_inspect.go:13.72,15.16 2 6
github.com/sablierapp/sablier/pkg/provider/podman/container_inspect.go:15.16,17.3 1 2
github.com/sablierapp/sablier/pkg/provider/podman/container_inspect.go:19.2,19.52 1 4
github.com/sablierapp/sablier/pkg/provider/podman/container_inspect.go:19.52,21.3 1 2
github.com/sablierapp/sablier/pkg/provider/podman/container_inspect.go:22.2,22.12 1 2
github.com/sablierapp/sablier/pkg/provider/podman/container_inspect.go:25.100,27.16 2 5
github.com/sablierapp/sablier/pkg/provider/podman/container_inspect.go:27.16,29.3 1 0
github.com/sablierapp/sablier/pkg/provider/podman/container_inspect.go:30.2,33.16 3 5
github.com/sablierapp/sablier/pkg/provider/podman/container_inspect.go:33.16,35.3 1 0
github.com/sablierapp/sablier/pkg/provider/podman/container_inspect.go:37.2,37.16 1 5
github.com/sablierapp/sablier/pkg/provider/podman/container_inspect.go:38.129,39.72 1 1
github.com/sablierapp/sablier/pkg/provider/podman/container_inspect.go:40.36,41.31 1 2
github.com/sablierapp/sablier/pkg/provider/podman/container_inspect.go:41.31,43.36 1 1
github.com/sablierapp/sablier/pkg/provider/podman/container_inspect.go:44.35,45.68 1 0
github.com/sablierapp/sablier/pkg/provider/podman/container_inspect.go:46.37,47.102 1 0
github.com/sablierapp/sablier/pkg/provider/podman/container_inspect.go:48.12,49.74 1 1
github.com/sablierapp/sablier/pkg/provider/podman/container_inspect.go:52.3,53.66 2 1
github.com/sablierapp/sablier/pkg/provider/podman/container_inspect.go:54.96,55.31 1 2
github.com/sablierapp/sablier/pkg/provider/podman/container_inspect.go:55.31,57.4 1 1
github.com/sablierapp/sablier/pkg/provider/podman/container_inspect.go:58.3,58.72 1 1
github.com/sablierapp/sablier/pkg/provider/podman/container_inspect.go:59.10,60.145 1 0
github.com/sablierapp/sablier/pkg/provider/podman/container_list.go:15.133,23.16 4 1
github.com/sablierapp/sablier/pkg/provider/podman/container_list.go:23.16,25.3 1 0
github.com/sablierapp/sablier/pkg/provider/podman/container_list.go:27.2,30.26 3 1
github.com/sablierapp/sablier/pkg/provider/podman/container_list.go:30.26,33.3 2 2
github.com/sablierapp/sablier/pkg/provider/podman/container_list.go:35.2,35.23 1 1
github.com/sablierapp/sablier/pkg/provider/podman/container_list.go:38.79,41.45 2 2
github.com/sablierapp/sablier/pkg/provider/podman/container_list.go:41.45,42.45 1 2
github.com/sablierapp/sablier/pkg/provider/podman/container_list.go:42.45,44.4 1 1
github.com/sablierapp/sablier/pkg/provider/podman/container_list.go:44.9,46.4 1 1
github.com/sablierapp/sablier/pkg/provider/podman/container_list.go:49.2,52.3 1 2
github.com/sablierapp/sablier/pkg/provider/podman/container_list.go:55.85,64.16 5 1
github.com/sablierapp/sablier/pkg/provider/podman/container_list.go:64.16,66.3 1 0
github.com/sablierapp/sablier/pkg/provider/podman/container_list.go:67.2,70.26 3 1
github.com/sablierapp/sablier/pkg/provider/podman/container_list.go:70.26,72.26 2 2
github.com/sablierapp/sablier/pkg/provider/podman/container_list.go:72.26,74.4 1 1
github.com/sablierapp/sablier/pkg/provider/podman/container_list.go:75.3,77.28 3 2
github.com/sablierapp/sablier/pkg/provider/podman/container_list.go:80.2,80.20 1 1
github.com/sablierapp/sablier/pkg/provider/podman/container_start.go:11.74,12.23 1 4
github.com/sablierapp/sablier/pkg/provider/podman/container_start.go:12.23,13.52 1 3
github.com/sablierapp/sablier/pkg/provider/podman/container_start.go:13.52,15.4 1 2
github.com/sablierapp/sablier/pkg/provider/podman/container_start.go:18.2,22.16 3 2
github.com/sablierapp/sablier/pkg/provider/podman/container_start.go:22.16,25.3 2 0
github.com/sablierapp/sablier/pkg/provider/podman/container_start.go:27.2,27.12 1 2
github.com/sablierapp/sablier/pkg/provider/podman/container_stop.go:11.73,12.23 1 4
github.com/sablierapp/sablier/pkg/provider/podman/container_stop.go:12.23,13.52 1 3
github.com/sablierapp/sablier/pkg/provider/podman/container_stop.go:13.52,15.4 1 2
github.com/sablierapp/sablier/pkg/provider/podman/container_stop.go:18.2,20.16 3 2
github.com/sablierapp/sablier/pkg/provider/podman/container_stop.go:20.16,23.3 2 0
github.com/sablierapp/sablier/pkg/provider/podman/container_stop.go:25.2,29.16 3 2
github.com/sablierapp/sablier/pkg/provider/podman/container_stop.go:29.16,31.3 1 0
github.com/sablierapp/sablier/pkg/provider/podman/container_stop.go:32.2,34.12 2 2
github.com/sablierapp/sablier/pkg/provider/podman/events.go:13.87,18.23 2 2
github.com/sablierapp/sablier/pkg/provider/podman/events.go:18.23,20.3 1 1
github.com/sablierapp/sablier/pkg/provider/podman/events.go:22.2,27.16 4 2
github.com/sablierapp/sablier/pkg/provider/podman/events.go:27.16,31.3 3 0
github.com/sablierapp/sablier/pkg/provider/podman/events.go:33.2,33.6 1 2
github.com/sablierapp/sablier/pkg/provider/podman/events.go:33.6,34.10 1 4
github.com/sablierapp/sablier/pkg/provider/podman/events.go:35.31,36.11 1 2
github.com/sablierapp/sablier/pkg/provider/podman/events.go:36.11,40.5 3 0
github.com/sablierapp/sablier/pkg/provider/podman/events.go:41.4,43.69 2 2
github.com/sablierapp/sablier/pkg/provider/podman/events.go:44.21,47.10 3 2
github.com/sablierapp/sablier/pkg/provider/podman/podman.go:22.93,26.16 3 17
github.com/sablierapp/sablier/pkg/provider/podman/podman.go:26.16,28.3 1 0
github.com/sablierapp/sablier/pkg/provider/podman/podman.go:29.2,38.8 2 17
github.com/sablierapp/sablier/pkg/provider/dockerswarm/docker_swarm.go:27.113,31.16 3 16
github.com/sablierapp/sablier/pkg/provider/dockerswarm/docker_swarm.go:31.16,33.3 1 0
github.com/sablierapp/sablier/pkg/provider/dockerswarm/docker_swarm.go:35.2,45.8 2 16
github.com/sablierapp/sablier/pkg/provider/dockerswarm/docker_swarm.go:49.99,51.16 2 9
github.com/sablierapp/sablier/pkg/provider/dockerswarm/docker_swarm.go:51.16,53.3 1 0
github.com/sablierapp/sablier/pkg/provider/dockerswarm/docker_swarm.go:55.2,55.74 1 9
github.com/sablierapp/sablier/pkg/provider/dockerswarm/docker_swarm.go:55.74,57.3 1 2
github.com/sablierapp/sablier/pkg/provider/dockerswarm/docker_swarm.go:59.2,59.41 1 7
github.com/sablierapp/sablier/pkg/provider/dockerswarm/docker_swarm.go:59.41,61.3 1 0
github.com/sablierapp/sablier/pkg/provider/dockerswarm/docker_swarm.go:63.2,67.16 4 7
github.com/sablierapp/sablier/pkg/provider/dockerswarm/docker_swarm.go:67.16,69.3 1 0
github.com/sablierapp/sablier/pkg/provider/dockerswarm/docker_swarm.go:71.2,71.32 1 7
github.com/sablierapp/sablier/pkg/provider/dockerswarm/docker_swarm.go:71.32,73.3 1 0
github.com/sablierapp/sablier/pkg/provider/dockerswarm/docker_swarm.go:75.2,75.12 1 7
github.com/sablierapp/sablier/pkg/provider/dockerswarm/events.go:15.87,24.12 3 2
github.com/sablierapp/sablier/pkg/provider/dockerswarm/events.go:24.12,26.24 2 2
github.com/sablierapp/sablier/pkg/provider/dockerswarm/events.go:26.24,28.18 2 1
github.com/sablierapp/sablier/pkg/provider/dockerswarm/events.go:28.18,31.5 2 0
github.com/sablierapp/sablier/pkg/provider/dockerswarm/events.go:32.4,32.30 1 1
github.com/sablierapp/sablier/pkg/provider/dockerswarm/events.go:35.3,35.7 1 2
github.com/sablierapp/sablier/pkg/provider/dockerswarm/events.go:35.7,36.11 1 14
github.com/sablierapp/sablier/pkg/provider/dockerswarm/events.go:37.27,38.12 1 12
github.com/sablierapp/sablier/pkg/provider/dockerswarm/events.go:38.12,41.6 2 0
github.com/sablierapp/sablier/pkg/provider/dockerswarm/events.go:42.5,44.81 2 12
github.com/sablierapp/sablier/pkg/provider/dockerswarm/events.go:44.81,45.14 1 4
github.com/sablierapp/sablier/pkg/provider/dockerswarm/events.go:48.5,51.29 4 8
github.com/sablierapp/sablier/pkg/provider/dockerswarm/events.go:51.29,52.14 1 4
github.com/sablierapp/sablier/pkg/provider/dockerswarm/events.go:55.5,56.16 2 4
github.com/sablierapp/sablier/pkg/provider/dockerswarm/events.go:56.16,59.6 2 2
github.com/sablierapp/sablier/pkg/provider/dockerswarm/events.go:60.27,61.12 1 0
github.com/sablierapp/sablier/pkg/provider/dockerswarm/events.go:61.12,64.6 2 0
github.com/sablierapp/sablier/pkg/provider/dockerswarm/events.go:65.5,65.31 1 0
github.com/sablierapp/sablier/pkg/provider/dockerswarm/events.go:65.31,68.6 2 0
github.com/sablierapp/sablier/pkg/provider/dockerswarm/events.go:69.5,69.72 1 0
github.com/sablierapp/sablier/pkg/provider/dockerswarm/events.go:70.22,71.11 1 2
github.com/sablierapp/sablier/pkg/provider/dockerswarm/events.go:77.86,82.16 4 1
github.com/sablierapp/sablier/pkg/provider/dockerswarm/events.go:82.16,84.3 1 0
github.com/sablierapp/sablier/pkg/provider/dockerswarm/events.go:86.2,87.35 2 1
github.com/sablierapp/sablier/pkg/provider/dockerswarm/events.go:87.35,90.3 2 0
github.com/sablierapp/sablier/pkg/provider/dockerswarm/events.go:91.2,91.21 1 1
github.com/sablierapp/sablier/pkg/provider/dockerswarm/events.go:94.117,95.28 1 8
github.com/sablierapp/sablier/pkg/provider/dockerswarm/events.go:95.28,97.3 1 2
github.com/sablierapp/sablier/pkg/provider/dockerswarm/events.go:99.2,100.16 2 6
github.com/sablierapp/sablier/pkg/provider/dockerswarm/events.go:100.16,103.3 2 0
github.com/sablierapp/sablier/pkg/provider/dockerswarm/events.go:105.2,105.53 1 6
github.com/sablierapp/sablier/pkg/provider/dockerswarm/events.go:105.53,109.3 3 3
github.com/sablierapp/sablier/pkg/provider/dockerswarm/events.go:111.2,113.14 3 3
github.com/sablierapp/sablier/pkg/provider/dockerswarm/events.go:116.82,117.40 1 2
github.com/sablierapp/sablier/pkg/provider/dockerswarm/events.go:117.40,119.3 1 1
github.com/sablierapp/sablier/pkg/provider/dockerswarm/events.go:120.2,120.56 1 1
github.com/sablierapp/sablier/pkg/provider/dockerswarm/events.go:120.56,122.3 1 0
github.com/sablierapp/sablier/pkg/provider/dockerswarm/events.go:123.2,123.14 1 1
github.com/sablierapp/sablier/pkg/provider/dockerswarm/service_inspect.go:14.100,16.16 2 3
github.com/sablierapp/sablier/pkg/provider/dockerswarm/service_inspect.go:16.16,18.3 1 0
github.com/sablierapp/sablier/pkg/provider/dockerswarm/service_inspect.go:20.2,20.41 1 3
github.com/sablierapp/sablier/pkg/provider/dockerswarm/service_inspect.go:20.41,22.3 1 0
github.com/sablierapp/sablier/pkg/provider/dockerswarm/service_inspect.go:24.2,24.121 1 3
github.com/sablierapp/sablier/pkg/provider/dockerswarm/service_inspect.go:24.121,26.3 1 2
github.com/sablierapp/sablier/pkg/provider/dockerswarm/service_inspect.go:28.2,28.78 1 1
github.com/sablierapp/sablier/pkg/provider/dockerswarm/service_inspect.go:31.95,40.16 4 12
github.com/sablierapp/sablier/pkg/provider/dockerswarm/service_inspect.go:40.16,42.3 1 0
github.com/sablierapp/sablier/pkg/provider/dockerswarm/service_inspect.go:44.2,44.24 1 12
github.com/sablierapp/sablier/pkg/provider/dockerswarm/service_inspect.go:44.24,46.3 1 0
github.com/sablierapp/sablier/pkg/provider/dockerswarm/service_inspect.go:48.2,49.35 2 12
github.com/sablierapp/sablier/pkg/provider/dockerswarm/service_inspect.go:49.35,51.32 1 12
github.com/sablierapp/sablier/pkg/provider/dockerswarm/service_inspect.go:51.32,53.9 2 12
github.com/sablierapp/sablier/pkg/provider/dockerswarm/service_inspect.go:55.3,55.25 1 0
github.com/sablierapp/sablier/pkg/provider/dockerswarm/service_inspect.go:55.25,57.9 2 0
github.com/sablierapp/sablier/pkg/provider/dockerswarm/service_inspect.go:61.2,66.17 2 12
github.com/sablierapp/sablier/pkg/provider/dockerswarm/service_inspect.go:69.53,70.41 1 12
github.com/sablierapp/sablier/pkg/provider/dockerswarm/service_inspect.go:70.41,72.3 1 0
github.com/sablierapp/sablier/pkg/provider/dockerswarm/service_inspect.go:73.2,73.50 1 12
github.com/sablierapp/sablier/pkg/provider/dockerswarm/service_inspect.go:73.50,75.3 1 0
github.com/sablierapp/sablier/pkg/provider/dockerswarm/service_inspect.go:76.2,76.47 1 12
github.com/sablierapp/sablier/pkg/provider/dockerswarm/service_inspect.go:79.53,80.34 1 12
github.com/sablierapp/sablier/pkg/provider/dockerswarm/service_inspect.go:80.34,82.3 1 0
github.com/sablierapp/sablier/pkg/provider/dockerswarm/service_inspect.go:83.2,83.45 1 12
github.com/sablierapp/sablier/pkg/provider/dockerswarm/service_inspect.go:83.45,85.3 1 2
github.com/sablierapp/sablier/pkg/provider/dockerswarm/service_inspect.go:86.2,86.43 1 10
github.com/sablierapp/sablier/pkg/provider/dockerswarm/service_inspect.go:89.53,90.34 1 12
github.com/sablierapp/sablier/pkg/provider/dockerswarm/service_inspect.go:90.34,92.3 1 0
github.com/sablierapp/sablier/pkg/provider/dockerswarm/service_inspect.go:93.2,93.45 1 12
github.com/sablierapp/sablier/pkg/provider/dockerswarm/service_inspect.go:93.45,95.3 1 11
github.com/sablierapp/sablier/pkg/provider/dockerswarm/service_inspect.go:96.2,96.43 1 1
github.com/sablierapp/sablier/pkg/provider/dockerswarm/service_list.go:14.127,25.16 6 1
github.com/sablierapp/sablier/pkg/provider/dockerswarm/service_list.go:25.16,27.3 1 0
github.com/sablierapp/sablier/pkg/provider/dockerswarm/service_list.go:28.2,31.29 3 1
github.com/sablierapp/sablier/pkg/provider/dockerswarm/service_list.go:31.29,34.3 2 2
github.com/sablierapp/sablier/pkg/provider/dockerswarm/service_list.go:36.2,36.23 1 1
github.com/sablierapp/sablier/pkg/provider/dockerswarm/service_list.go:39.89,42.50 2 2
github.com/sablierapp/sablier/pkg/provider/dockerswarm/service_list.go:42.50,43.50 1 2
github.com/sablierapp/sablier/pkg/provider/dockerswarm/service_list.go:43.50,45.4 1 1
github.com/sablierapp/sablier/pkg/provider/dockerswarm/service_list.go:45.9,47.4 1 1
github.com/sablierapp/sablier/pkg/provider/dockerswarm/service_list.go:50.2,53.3 1 2
github.com/sablierapp/sablier/pkg/provider/dockerswarm/service_list.go:56.85,66.16 5 1
github.com/sablierapp/sablier/pkg/provider/dockerswarm/service_list.go:66.16,68.3 1 0
github.com/sablierapp/sablier/pkg/provider/dockerswarm/service_list.go:70.2,73.35 3 1
github.com/sablierapp/sablier/pkg/provider/dockerswarm/service_list.go:73.35,75.26 2 2
github.com/sablierapp/sablier/pkg/provider/dockerswarm/service_list.go:75.26,77.4 1 1
github.com/sablierapp/sablier/pkg/provider/dockerswarm/service_list.go:79.3,81.28 3 2
github.com/sablierapp/sablier/pkg/provider/dockerswarm/service_list.go:84.2,84.20 1 1
github.com/sablierapp/sablier/pkg/provider/dockerswarm/service_start.go:5.74,7.2 1 5
github.com/sablierapp/sablier/pkg/provider/dockerswarm/service_stop.go:5.73,7.2 1 4
github.com/sablierapp/sablier/pkg/provider/docker/container_inspect.go:12.100,14.16 2 8
github.com/sablierapp/sablier/pkg/provider/docker/container_inspect.go:14.16,16.3 1 0
github.com/sablierapp/sablier/pkg/provider/docker/container_inspect.go:18.2,21.27 2 8
github.com/sablierapp/sablier/pkg/provider/docker/container_inspect.go:22.53,23.72 1 2
github.com/sablierapp/sablier/pkg/provider/docker/container_inspect.go:24.17,25.31 1 4
github.com/sablierapp/sablier/pkg/provider/docker/container_inspect.go:25.31,27.36 1 3
github.com/sablierapp/sablier/pkg/provider/docker/container_inspect.go:28.19,29.68 1 1
github.com/sablierapp/sablier/pkg/provider/docker/container_inspect.go:30.21,31.102 1 1
github.com/sablierapp/sablier/pkg/provider/docker/container_inspect.go:32.12,33.74 1 1
github.com/sablierapp/sablier/pkg/provider/docker/container_inspect.go:36.3,37.66 2 1
github.com/sablierapp/sablier/pkg/provider/docker/container_inspect.go:38.16,39.31 1 2
github.com/sablierapp/sablier/pkg/provider/docker/container_inspect.go:39.31,41.4 1 1
github.com/sablierapp/sablier/pkg/provider/docker/container_inspect.go:42.3,42.72 1 1
github.com/sablierapp/sablier/pkg/provider/docker/container_inspect.go:43.14,44.125 1 0
github.com/sablierapp/sablier/pkg/provider/docker/container_inspect.go:45.10,46.145 1 0
github.com/sablierapp/sablier/pkg/provider/docker/container_inspect.go:50.74,52.16 2 11
github.com/sablierapp/sablier/pkg/provider/docker/container_inspect.go:52.16,54.3 1 4
github.com/sablierapp/sablier/pkg/provider/docker/container_inspect.go:56.2,56.52 1 7
github.com/sablierapp/sablier/pkg/provider/docker/container_inspect.go:56.52,58.3 1 2
github.com/sablierapp/sablier/pkg/provider/docker/container_inspect.go:59.2,59.12 1 5
github.com/sablierapp/sablier/pkg/provider/docker/container_inspect.go:62.52,63.19 1 8
github.com/sablierapp/sablier/pkg/provider/docker/container_inspect.go:63.19,65.3 1 5
github.com/sablierapp/sablier/pkg/provider/docker/container_inspect.go:67.2,67.22 1 3
github.com/sablierapp/sablier/pkg/provider/docker/container_list.go:15.133,24.16 5 1
github.com/sablierapp/sablier/pkg/provider/docker/container_list.go:24.16,26.3 1 0
github.com/sablierapp/sablier/pkg/provider/docker/container_list.go:28.2,31.31 3 1
github.com/sablierapp/sablier/pkg/provider/docker/container_list.go:31.31,34.3 2 2
github.com/sablierapp/sablier/pkg/provider/docker/container_list.go:36.2,36.23 1 1
github.com/sablierapp/sablier/pkg/provider/docker/container_list.go:39.77,42.45 2 2
github.com/sablierapp/sablier/pkg/provider/docker/container_list.go:42.45,43.45 1 2
github.com/sablierapp/sablier/pkg/provider/docker/container_list.go:43.45,45.4 1 1
github.com/sablierapp/sablier/pkg/provider/docker/container_list.go:45.9,47.4 1 1
github.com/sablierapp/sablier/pkg/provider/docker/container_list.go:50.2,53.3 1 2
github.com/sablierapp/sablier/pkg/provider/docker/container_list.go:56.85,66.16 5 1
github.com/sablierapp/sablier/pkg/provider/docker/container_list.go:66.16,68.3 1 0
github.com/sablierapp/sablier/pkg/provider/docker/container_list.go:70.2,73.31 3 1
github.com/sablierapp/sablier/pkg/provider/docker/container_list.go:73.31,75.26 2 2
github.com/sablierapp/sablier/pkg/provider/docker/container_list.go:75.26,77.4 1 1
github.com/sablierapp/sablier/pkg/provider/docker/container_list.go:78.3,80.28 3 2
github.com/sablierapp/sablier/pkg/provider/docker/container_list.go:83.2,83.20 1 1
github.com/sablierapp/sablier/pkg/provider/docker/container_start.go:11.74,12.23 1 7
github.com/sablierapp/sablier/pkg/provider/docker/container_start.go:12.23,13.52 1 6
github.com/sablierapp/sablier/pkg/provider/docker/container_start.go:13.52,15.4 1 3
github.com/sablierapp/sablier/pkg/provider/docker/container_start.go:18.2,18.27 1 4
github.com/sablierapp/sablier/pkg/provider/docker/container_start.go:18.27,20.3 1 2
github.com/sablierapp/sablier/pkg/provider/docker/container_start.go:21.2,21.33 1 2
github.com/sablierapp/sablier/pkg/provider/docker/container_start.go:24.72,28.16 3 3
github.com/sablierapp/sablier/pkg/provider/docker/container_start.go:28.16,31.3 2 0
github.com/sablierapp/sablier/pkg/provider/docker/container_start.go:32.2,32.12 1 3
github.com/sablierapp/sablier/pkg/provider/docker/container_start.go:35.74,37.23 2 2
github.com/sablierapp/sablier/pkg/provider/docker/container_start.go:37.23,40.3 2 0
github.com/sablierapp/sablier/pkg/provider/docker/container_start.go:42.2,42.29 1 2
github.com/sablierapp/sablier/pkg/provider/docker/container_start.go:42.29,45.3 2 1
github.com/sablierapp/sablier/pkg/provider/docker/container_start.go:47.2,49.16 3 1
github.com/sablierapp/sablier/pkg/provider/docker/container_start.go:49.16,52.3 2 0
github.com/sablierapp/sablier/pkg/provider/docker/container_start.go:54.2,55.12 2 1
github.com/sablierapp/sablier/pkg/provider/docker/container_stop.go:11.73,12.23 1 6
github.com/sablierapp/sablier/pkg/provider/docker/container_stop.go:12.23,13.52 1 5
github.com/sablierapp/sablier/pkg/provider/docker/container_stop.go:13.52,15.4 1 3
github.com/sablierapp/sablier/pkg/provider/docker/container_stop.go:18.2,18.27 1 3
github.com/sablierapp/sablier/pkg/provider/docker/container_stop.go:18.27,20.3 1 1
github.com/sablierapp/sablier/pkg/provider/docker/container_stop.go:21.2,21.32 1 2
github.com/sablierapp/sablier/pkg/provider/docker/container_stop.go:24.71,27.16 3 2
github.com/sablierapp/sablier/pkg/provider/docker/container_stop.go:27.16,30.3 2 0
github.com/sablierapp/sablier/pkg/provider/docker/container_stop.go:32.2,34.9 3 2
github.com/sablierapp/sablier/pkg/provider/docker/container_stop.go:35.27,37.13 2 2
github.com/sablierapp/sablier/pkg/provider/docker/container_stop.go:38.21,40.75 2 0
github.com/sablierapp/sablier/pkg/provider/docker/container_stop.go:41.20,43.19 2 0
github.com/sablierapp/sablier/pkg/provider/docker/container_stop.go:47.72,50.16 3 1
github.com/sablierapp/sablier/pkg/provider/docker/container_stop.go:50.16,53.3 2 0
github.com/sablierapp/sablier/pkg/provider/docker/container_stop.go:55.2,56.12 2 1
github.com/sablierapp/sablier/pkg/provider/docker/docker.go:23.130,27.16 3 25
github.com/sablierapp/sablier/pkg/provider/docker/docker.go:27.16,29.3 1 0
github.com/sablierapp/sablier/pkg/provider/docker/docker.go:31.2,41.8 2 25
github.com/sablierapp/sablier/pkg/provider/docker/events.go:14.87,20.23 2 2
github.com/sablierapp/sablier/pkg/provider/docker/events.go:20.23,22.3 1 1
github.com/sablierapp/sablier/pkg/provider/docker/events.go:23.2,26.6 2 2
github.com/sablierapp/sablier/pkg/provider/docker/events.go:26.6,27.10 1 4
github.com/sablierapp/sablier/pkg/provider/docker/events.go:28.26,29.11 1 2
github.com/sablierapp/sablier/pkg/provider/docker/events.go:29.11,33.5 3 0
github.com/sablierapp/sablier/pkg/provider/docker/events.go:35.4,36.69 2 2
github.com/sablierapp/sablier/pkg/provider/docker/events.go:37.26,38.11 1 0
github.com/sablierapp/sablier/pkg/provider/docker/events.go:38.11,42.5 3 0
github.com/sablierapp/sablier/pkg/provider/docker/events.go:43.4,43.30 1 0
github.com/sablierapp/sablier/pkg/provider/docker/events.go:43.30,47.5 3 0
github.com/sablierapp/sablier/pkg/provider/docker/events.go:48.4,48.71 1 0
github.com/sablierapp/sablier/pkg/provider/docker/events.go:49.21,51.10 2 2
github.com/sablierapp/sablier/pkg/provider/kubernetes/deployment_events.go:13.87,15.42 1 2
github.com/sablierapp/sablier/pkg/provider/kubernetes/deployment_events.go:15.42,19.70 3 53
github.com/sablierapp/sablier/pkg/provider/kubernetes/deployment_events.go:19.70,21.5 1 31
github.com/sablierapp/sablier/pkg/provider/kubernetes/deployment_events.go:23.4,23.41 1 22
github.com/sablierapp/sablier/pkg/provider/kubernetes/deployment_events.go:23.41,25.5 1 4
github.com/sablierapp/sablier/pkg/provider/kubernetes/deployment_events.go:27.4,27.41 1 18
github.com/sablierapp/sablier/pkg/provider/kubernetes/deployment_events.go:27.41,30.5 2 2
github.com/sablierapp/sablier/pkg/provider/kubernetes/deployment_events.go:32.37,36.4 3 2
github.com/sablierapp/sablier/pkg/provider/kubernetes/deployment_events.go:38.2,41.23 2 2
github.com/sablierapp/sablier/pkg/provider/kubernetes/deployment_events.go:41.23,42.82 1 1
github.com/sablierapp/sablier/pkg/provider/kubernetes/deployment_events.go:42.82,44.4 1 1
github.com/sablierapp/sablier/pkg/provider/kubernetes/deployment_events.go:46.2,50.17 4 2
github.com/sablierapp/sablier/pkg/provider/kubernetes/deployment_inspect.go:11.108,13.16 2 7
github.com/sablierapp/sablier/pkg/provider/kubernetes/deployment_inspect.go:13.16,15.3 1 0
github.com/sablierapp/sablier/pkg/provider/kubernetes/deployment_inspect.go:17.2,20.73 2 7
github.com/sablierapp/sablier/pkg/provider/kubernetes/deployment_inspect.go:20.73,22.3 1 3
github.com/sablierapp/sablier/pkg/provider/kubernetes/deployment_inspect.go:24.2,24.101 1 4
github.com/sablierapp/sablier/pkg/provider/kubernetes/deployment_list.go:11.97,20.16 3 1
github.com/sablierapp/sablier/pkg/provider/kubernetes/deployment_list.go:20.16,22.3 1 0
github.com/sablierapp/sablier/pkg/provider/kubernetes/deployment_list.go:24.2,25.38 2 1
github.com/sablierapp/sablier/pkg/provider/kubernetes/deployment_list.go:25.38,28.3 2 2
github.com/sablierapp/sablier/pkg/provider/kubernetes/deployment_list.go:30.2,30.23 1 1
github.com/sablierapp/sablier/pkg/provider/kubernetes/deployment_list.go:33.89,36.45 2 2
github.com/sablierapp/sablier/pkg/provider/kubernetes/deployment_list.go:36.45,37.45 1 2
github.com/sablierapp/sablier/pkg/provider/kubernetes/deployment_list.go:37.45,39.4 1 1
github.com/sablierapp/sablier/pkg/provider/kubernetes/deployment_list.go:39.9,41.4 1 1
github.com/sablierapp/sablier/pkg/provider/kubernetes/deployment_list.go:44.2,49.3 2 2
github.com/sablierapp/sablier/pkg/provider/kubernetes/deployment_list.go:52.87,62.16 3 1
github.com/sablierapp/sablier/pkg/provider/kubernetes/deployment_list.go:62.16,64.3 1 0
github.com/sablierapp/sablier/pkg/provider/kubernetes/deployment_list.go:66.2,67.47 2 1
github.com/sablierapp/sablier/pkg/provider/kubernetes/deployment_list.go:67.47,69.26 2 2
github.com/sablierapp/sablier/pkg/provider/kubernetes/deployment_list.go:69.26,71.4 1 1
github.com/sablierapp/sablier/pkg/provider/kubernetes/deployment_list.go:73.3,76.28 4 2
github.com/sablierapp/sablier/pkg/provider/kubernetes/deployment_list.go:79.2,79.20 1 1
github.com/sablierapp/sablier/pkg/provider/kubernetes/instance_events.go:5.87,10.2 4 2
github.com/sablierapp/sablier/pkg/provider/kubernetes/instance_inspect.go:10.80,13.21 2 12
github.com/sablierapp/sablier/pkg/provider/kubernetes/instance_inspect.go:14.20,16.17 2 6
github.com/sablierapp/sablier/pkg/provider/kubernetes/instance_inspect.go:16.17,18.4 1 2
github.com/sablierapp/sablier/pkg/provider/kubernetes/instance_inspect.go:19.3,19.20 1 4
github.com/sablierapp/sablier/pkg/provider/kubernetes/instance_inspect.go:20.21,22.17 2 6
github.com/sablierapp/sablier/pkg/provider/kubernetes/instance_inspect.go:22.17,24.4 1 2
github.com/sablierapp/sablier/pkg/provider/kubernetes/instance_inspect.go:25.3,25.21 1 4
github.com/sablierapp/sablier/pkg/provider/kubernetes/instance_inspect.go:26.10,27.56 1 0
github.com/sablierapp/sablier/pkg/provider/kubernetes/instance_inspect.go:30.2,30.40 1 8
github.com/sablierapp/sablier/pkg/provider/kubernetes/instance_inspect.go:30.40,32.3 1 4
github.com/sablierapp/sablier/pkg/provider/kubernetes/instance_inspect.go:33.2,33.12 1 4
github.com/sablierapp/sablier/pkg/provider/kubernetes/instance_inspect.go:36.100,38.16 2 16
github.com/sablierapp/sablier/pkg/provider/kubernetes/instance_inspect.go:38.16,40.3 1 1
github.com/sablierapp/sablier/pkg/provider/kubernetes/instance_inspect.go:42.2,42.21 1 15
github.com/sablierapp/sablier/pkg/provider/kubernetes/instance_inspect.go:43.20,44.42 1 7
github.com/sablierapp/sablier/pkg/provider/kubernetes/instance_inspect.go:45.21,46.43 1 7
github.com/sablierapp/sablier/pkg/provider/kubernetes/instance_inspect.go:47.10,48.131 1 1
github.com/sablierapp/sablier/pkg/provider/kubernetes/instance_list.go:9.133,11.16 2 1
github.com/sablierapp/sablier/pkg/provider/kubernetes/instance_list.go:11.16,13.3 1 0
github.com/sablierapp/sablier/pkg/provider/kubernetes/instance_list.go:15.2,16.16 2 1
github.com/sablierapp/sablier/pkg/provider/kubernetes/instance_list.go:16.16,18.3 1 0
github.com/sablierapp/sablier/pkg/provider/kubernetes/instance_list.go:20.2,20.50 1 1
github.com/sablierapp/sablier/pkg/provider/kubernetes/instance_list.go:23.85,25.16 2 1
github.com/sablierapp/sablier/pkg/provider/kubernetes/instance_list.go:25.16,27.3 1 0
github.com/sablierapp/sablier/pkg/provider/kubernetes/instance_list.go:29.2,30.16 2 1
github.com/sablierapp/sablier/pkg/provider/kubernetes/instance_list.go:30.16,32.3 1 0
github.com/sablierapp/sablier/pkg/provider/kubernetes/instance_list.go:34.2,35.44 2 1
github.com/sablierapp/sablier/pkg/provider/kubernetes/instance_list.go:35.44,37.3 1 2
github.com/sablierapp/sablier/pkg/provider/kubernetes/instance_list.go:39.2,39.45 1 1
github.com/sablierapp/sablier/pkg/provider/kubernetes/instance_list.go:39.45,41.3 1 2
github.com/sablierapp/sablier/pkg/provider/kubernetes/instance_list.go:43.2,43.20 1 1
github.com/sablierapp/sablier/pkg/provider/kubernetes/instance_start.go:5.74,7.16 2 9
github.com/sablierapp/sablier/pkg/provider/kubernetes/instance_start.go:7.16,9.3 1 1
github.com/sablierapp/sablier/pkg/provider/kubernetes/instance_start.go:11.2,11.23 1 8
github.com/sablierapp/sablier/pkg/provider/kubernetes/instance_start.go:11.23,12.54 1 6
github.com/sablierapp/sablier/pkg/provider/kubernetes/instance_start.go:12.54,14.4 1 4
github.com/sablierapp/sablier/pkg/provider/kubernetes/instance_start.go:17.2,17.46 1 4
github.com/sablierapp/sablier/pkg/provider/kubernetes/instance_stop.go:5.73,7.16 2 9
github.com/sablierapp/sablier/pkg/provider/kubernetes/instance_stop.go:7.16,9.3 1 1
github.com/sablierapp/sablier/pkg/provider/kubernetes/instance_stop.go:11.2,11.23 1 8
github.com/sablierapp/sablier/pkg/provider/kubernetes/instance_stop.go:11.23,12.54 1 6
github.com/sablierapp/sablier/pkg/provider/kubernetes/instance_stop.go:12.54,14.4 1 4
github.com/sablierapp/sablier/pkg/provider/kubernetes/instance_stop.go:17.2,17.32 1 4
github.com/sablierapp/sablier/pkg/provider/kubernetes/kubernetes.go:22.157,26.16 3 30
github.com/sablierapp/sablier/pkg/provider/kubernetes/kubernetes.go:26.16,28.3 1 0
github.com/sablierapp/sablier/pkg/provider/kubernetes/kubernetes.go:30.2,41.8 2 30
github.com/sablierapp/sablier/pkg/provider/kubernetes/parse_name.go:23.68,26.21 2 38
github.com/sablierapp/sablier/pkg/provider/kubernetes/parse_name.go:26.21,28.3 1 5
github.com/sablierapp/sablier/pkg/provider/kubernetes/parse_name.go:30.2,31.16 2 33
github.com/sablierapp/sablier/pkg/provider/kubernetes/parse_name.go:31.16,33.3 1 0
github.com/sablierapp/sablier/pkg/provider/kubernetes/parse_name.go:35.2,41.8 1 33
github.com/sablierapp/sablier/pkg/provider/kubernetes/parse_name.go:44.78,58.2 5 26
github.com/sablierapp/sablier/pkg/provider/kubernetes/parse_name.go:60.81,74.2 5 26
github.com/sablierapp/sablier/pkg/provider/kubernetes/statefulset_events.go:13.88,15.42 1 2
github.com/sablierapp/sablier/pkg/provider/kubernetes/statefulset_events.go:15.42,19.72 3 29
github.com/sablierapp/sablier/pkg/provider/kubernetes/statefulset_events.go:19.72,21.5 1 7
github.com/sablierapp/sablier/pkg/provider/kubernetes/statefulset_events.go:23.4,23.42 1 22
github.com/sablierapp/sablier/pkg/provider/kubernetes/statefulset_events.go:23.42,25.5 1 8
github.com/sablierapp/sablier/pkg/provider/kubernetes/statefulset_events.go:27.4,27.42 1 14
github.com/sablierapp/sablier/pkg/provider/kubernetes/statefulset_events.go:27.42,30.5 2 2
github.com/sablierapp/sablier/pkg/provider/kubernetes/statefulset_events.go:32.37,36.4 3 2
github.com/sablierapp/sablier/pkg/provider/kubernetes/statefulset_events.go:38.2,41.23 2 2
github.com/sablierapp/sablier/pkg/provider/kubernetes/statefulset_events.go:41.23,42.82 1 1
github.com/sablierapp/sablier/pkg/provider/kubernetes/statefulset_events.go:42.82,44.4 1 1
github.com/sablierapp/sablier/pkg/provider/kubernetes/statefulset_events.go:46.2,50.17 4 2
github.com/sablierapp/sablier/pkg/provider/kubernetes/statefulset_inspect.go:9.109,11.16 2 7
github.com/sablierapp/sablier/pkg/provider/kubernetes/statefulset_inspect.go:11.16,13.3 1 0
github.com/sablierapp/sablier/pkg/provider/kubernetes/statefulset_inspect.go:15.2,15.76 1 7
github.com/sablierapp/sablier/pkg/provider/kubernetes/statefulset_inspect.go:15.76,17.3 1 3
github.com/sablierapp/sablier/pkg/provider/kubernetes/statefulset_inspect.go:19.2,19.102 1 4
github.com/sablierapp/sablier/pkg/provider/kubernetes/statefulset_list.go:11.98,20.16 3 1
github.com/sablierapp/sablier/pkg/provider/kubernetes/statefulset_list.go:20.16,22.3 1 0
github.com/sablierapp/sablier/pkg/provider/kubernetes/statefulset_list.go:24.2,25.40 2 1
github.com/sablierapp/sablier/pkg/provider/kubernetes/statefulset_list.go:25.40,28.3 2 2
github.com/sablierapp/sablier/pkg/provider/kubernetes/statefulset_list.go:30.2,30.23 1 1
github.com/sablierapp/sablier/pkg/provider/kubernetes/statefulset_list.go:33.92,36.46 2 2
github.com/sablierapp/sablier/pkg/provider/kubernetes/statefulset_list.go:36.46,37.46 1 2
github.com/sablierapp/sablier/pkg/provider/kubernetes/statefulset_list.go:37.46,39.4 1 1
github.com/sablierapp/sablier/pkg/provider/kubernetes/statefulset_list.go:39.9,41.4 1 1
github.com/sablierapp/sablier/pkg/provider/kubernetes/statefulset_list.go:44.2,49.3 2 2
github.com/sablierapp/sablier/pkg/provider/kubernetes/statefulset_list.go:52.88,61.16 3 1
github.com/sablierapp/sablier/pkg/provider/kubernetes/statefulset_list.go:61.16,63.3 1 0
github.com/sablierapp/sablier/pkg/provider/kubernetes/statefulset_list.go:65.2,66.40 2 1
github.com/sablierapp/sablier/pkg/provider/kubernetes/statefulset_list.go:66.40,68.26 2 2
github.com/sablierapp/sablier/pkg/provider/kubernetes/statefulset_list.go:68.26,70.4 1 1
github.com/sablierapp/sablier/pkg/provider/kubernetes/statefulset_list.go:72.3,75.28 4 2
github.com/sablierapp/sablier/pkg/provider/kubernetes/statefulset_list.go:78.2,78.20 1 1
github.com/sablierapp/sablier/pkg/provider/kubernetes/workload_scale.go:15.88,18.21 2 8
github.com/sablierapp/sablier/pkg/provider/kubernetes/workload_scale.go:19.20,20.61 1 4
github.com/sablierapp/sablier/pkg/provider/kubernetes/workload_scale.go:21.21,22.62 1 4
github.com/sablierapp/sablier/pkg/provider/kubernetes/workload_scale.go:23.10,24.107 1 0
github.com/sablierapp/sablier/pkg/provider/kubernetes/workload_scale.go:27.2,28.16 2 8
github.com/sablierapp/sablier/pkg/provider/kubernetes/workload_scale.go:28.16,30.3 1 0
github.com/sablierapp/sablier/pkg/provider/kubernetes/workload_scale.go:32.2,35.12 3 8
